
> sdlc-auditor@0.1.0 build
> next build

  ▲ Next.js 14.2.35
  - Environments: .env.local

   Creating an optimized production build ...
Failed to compile.

./src/app/api/evaluate/route.ts
Error: 
  [31mx[0m Expected unicode escape
    ,-[[36;1;4mD:\Ottobon\SDLC_AI\sdlc-auditor\src\app\api\evaluate\route.ts[0m:76:1]
 [2m76[0m |       return 10;
 [2m77[0m |   }
 [2m78[0m |   
 [2m79[0m |   const systemPrompt = \`
    : [31;1m                       ^[0m
 [2m80[0m |     You are an expert strict SWE Appraiser grading a developer's response for an internal SDLC assessment. 
 [2m81[0m |     Evaluate the user's response to the scenario based ONLY on the provided criteria.
 [2m82[0m |     Award points for each criterion they meet.
    `----

Caused by:
    Syntax Error

Import trace for requested module:
./src/app/api/evaluate/route.ts

./src/app/assessment/page.tsx
Error: 
  [31mx[0m Unexpected token `div`. Expected jsx identifier
     ,-[[36;1;4mD:\Ottobon\SDLC_AI\sdlc-auditor\src\app\assessment\page.tsx[0m:295:1]
 [2m295[0m |   }
 [2m296[0m | 
 [2m297[0m |   return (
 [2m298[0m |     <div className="min-h-screen bg-slate-50 py-12 px-4 sm:px-6 lg:px-8">
     : [31;1m     ^^^[0m
 [2m299[0m |       <div className="max-w-3xl mx-auto bg-white shadow-xl rounded-2xl overflow-hidden">
 [2m300[0m |         {/* Progress header */}
 [2m301[0m |         <div className="bg-slate-100 px-8 py-4 border-b border-slate-200 flex items-center justify-between">
     `----

Caused by:
    Syntax Error

Import trace for requested module:
./src/app/assessment/page.tsx

./src/app/dashboard/page.tsx
Error: 
  [31mx[0m Expected unicode escape
    ,-[[36;1;4mD:\Ottobon\SDLC_AI\sdlc-auditor\src\app\dashboard\page.tsx[0m:29:1]
 [2m29[0m |     setLoading(true);
 [2m30[0m |     setError('');
 [2m31[0m |     try {
 [2m32[0m |       const res = await fetch(\`/api/results?adminToken=\${tokenToUse}\`);
    : [31;1m                              ^[0m
 [2m33[0m |       const result = await res.json();
 [2m34[0m |       
 [2m35[0m |       if (res.ok && result.success) {
    `----

Caused by:
    Syntax Error

Import trace for requested module:
./src/app/dashboard/page.tsx


> Build failed because of webpack errors
